<?xml version="1.0" encoding="UTF-8"?>
<!-- Generated by org.testng.reporters.JUnitReportReporter -->
<testsuite hostname="IN2132738W1" failures="0" tests="1" name="packageTestRunner.CucumberRunner" time="13.779" errors="0" timestamp="2023-01-18T13:22:11 IST" skipped="0">
  <testcase classname="packageTestRunner.CucumberRunner" name="runScenario" time="13.779"/>
  <system-out/>
</testsuite> <!-- packageTestRunner.CucumberRunner -->
